<?xml version="1.0" encoding="UTF-8"?>
<!-- Generated by org.testng.reporters.JUnitReportReporter -->
<testsuite skipped="0" hostname="CGL073075" name="config2.parameterCheck" tests="1" failures="0" timestamp="14 Nov 2018 05:56:39 GMT" time="16.082" errors="0">
  <testcase name="onePlus" time="16.082" classname="config2.parameterCheck"/>
</testsuite> <!-- config2.parameterCheck -->
