<?xml version="1.0" encoding="UTF-8"?>
<!-- Generated by org.testng.reporters.JUnitReportReporter -->
<testsuite skipped="0" hostname="CGL073075" name="config2.ngGroups" tests="4" failures="0" timestamp="12 Nov 2018 19:38:36 GMT" time="0.042" errors="0">
  <testcase name="DtestEnd" time="0.014" classname="config2.ngGroups"/>
  <testcase name="Ctestsnack" time="0.007" classname="config2.ngGroups"/>
  <testcase name="testBegin" time="0.007" classname="config2.ngGroups"/>
  <testcase name="Btestflow" time="0.014" classname="config2.ngGroups"/>
</testsuite> <!-- config2.ngGroups -->
