<?xml version="1.0" encoding="UTF-8"?>
<!-- Generated by org.testng.reporters.JUnitReportReporter -->
<testsuite skipped="87" hostname="CGL073075" name="Listeners.failedTestsRetry" tests="90" failures="0" timestamp="15 Nov 2018 05:10:12 GMT" time="0.199" errors="1">
  <testcase name="Junc" time="0.001" classname="Listeners.failedTestsRetry">
    <skipped/>
  </testcase> <!-- Junc -->
  <testcase name="Junc" time="0.003" classname="Listeners.failedTestsRetry">
    <skipped/>
  </testcase> <!-- Junc -->
  <testcase name="Junc" time="0.001" classname="Listeners.failedTestsRetry">
    <skipped/>
  </testcase> <!-- Junc -->
  <testcase name="Junc" time="0.001" classname="Listeners.failedTestsRetry">
    <skipped/>
  </testcase> <!-- Junc -->
  <testcase name="Junc" time="0.002" classname="Listeners.failedTestsRetry">
    <skipped/>
  </testcase> <!-- Junc -->
  <testcase name="Junc" time="0.001" classname="Listeners.failedTestsRetry">
    <error type="java.lang.ArithmeticException" message="/ by zero">
      <![CDATA[java.lang.ArithmeticException: / by zero
at Listeners.failedTestsRetry.Junc(failedTestsRetry.java:19)
at sun.reflect.GeneratedMethodAccessor1.invoke(Unknown Source)
at sun.reflect.DelegatingMethodAccessorImpl.invoke(Unknown Source)
at java.lang.reflect.Method.invoke(Unknown Source)
at org.testng.internal.MethodInvocationHelper.invokeMethod(MethodInvocationHelper.java:124)
at org.testng.internal.Invoker.invokeMethod(Invoker.java:583)
at org.testng.internal.Invoker.retryFailed(Invoker.java:839)
at org.testng.internal.Invoker.invokeTestMethods(Invoker.java:1010)
at org.testng.internal.TestMethodWorker.invokeTestMethods(TestMethodWorker.java:125)
at org.testng.internal.TestMethodWorker.run(TestMethodWorker.java:109)
at org.testng.TestRunner.privateRun(TestRunner.java:648)
at org.testng.TestRunner.run(TestRunner.java:505)
at org.testng.SuiteRunner.runTest(SuiteRunner.java:455)
at org.testng.SuiteRunner.runSequentially(SuiteRunner.java:450)
at org.testng.SuiteRunner.privateRun(SuiteRunner.java:415)
at org.testng.SuiteRunner.run(SuiteRunner.java:364)
at org.testng.SuiteRunnerWorker.runSuite(SuiteRunnerWorker.java:52)
at org.testng.SuiteRunnerWorker.run(SuiteRunnerWorker.java:84)
at org.testng.TestNG.runSuitesSequentially(TestNG.java:1208)
at org.testng.TestNG.runSuitesLocally(TestNG.java:1137)
at org.testng.TestNG.runSuites(TestNG.java:1049)
at org.testng.TestNG.run(TestNG.java:1017)
at org.testng.remote.AbstractRemoteTestNG.run(AbstractRemoteTestNG.java:115)
at org.testng.remote.RemoteTestNG.initAndRun(RemoteTestNG.java:251)
at org.testng.remote.RemoteTestNG.main(RemoteTestNG.java:77)
]]>
    </error>
  </testcase> <!-- Junc -->
  <testcase name="Junc" time="0.000" classname="Listeners.failedTestsRetry">
    <skipped/>
  </testcase> <!-- Junc -->
  <testcase name="Junc" time="0.002" classname="Listeners.failedTestsRetry">
    <skipped/>
  </testcase> <!-- Junc -->
  <testcase name="Junc" time="0.002" classname="Listeners.failedTestsRetry">
    <skipped/>
  </testcase> <!-- Junc -->
  <testcase name="Junc" time="0.001" classname="Listeners.failedTestsRetry">
    <skipped/>
  </testcase> <!-- Junc -->
  <testcase name="Junc" time="0.002" classname="Listeners.failedTestsRetry">
    <skipped/>
  </testcase> <!-- Junc -->
  <testcase name="Junc" time="0.001" classname="Listeners.failedTestsRetry">
    <skipped/>
  </testcase> <!-- Junc -->
  <testcase name="Junc" time="0.001" classname="Listeners.failedTestsRetry">
    <skipped/>
  </testcase> <!-- Junc -->
  <testcase name="Junc" time="0.001" classname="Listeners.failedTestsRetry">
    <skipped/>
  </testcase> <!-- Junc -->
  <testcase name="Junc" time="0.001" classname="Listeners.failedTestsRetry">
    <skipped/>
  </testcase> <!-- Junc -->
  <testcase name="Junc" time="0.000" classname="Listeners.failedTestsRetry">
    <skipped/>
  </testcase> <!-- Junc -->
  <testcase name="Junc" time="0.001" classname="Listeners.failedTestsRetry">
    <skipped/>
  </testcase> <!-- Junc -->
  <testcase name="Junc" time="0.001" classname="Listeners.failedTestsRetry">
    <skipped/>
  </testcase> <!-- Junc -->
  <testcase name="Junc" time="0.002" classname="Listeners.failedTestsRetry">
    <skipped/>
  </testcase> <!-- Junc -->
  <testcase name="Junc" time="0.000" classname="Listeners.failedTestsRetry">
    <skipped/>
  </testcase> <!-- Junc -->
  <testcase name="Junc" time="0.010" classname="Listeners.failedTestsRetry">
    <skipped/>
  </testcase> <!-- Junc -->
  <testcase name="Junc" time="0.001" classname="Listeners.failedTestsRetry">
    <skipped/>
  </testcase> <!-- Junc -->
  <testcase name="Junc" time="0.003" classname="Listeners.failedTestsRetry">
    <skipped/>
  </testcase> <!-- Junc -->
  <testcase name="Junc" time="0.002" classname="Listeners.failedTestsRetry">
    <skipped/>
  </testcase> <!-- Junc -->
  <testcase name="Junc" time="0.001" classname="Listeners.failedTestsRetry">
    <skipped/>
  </testcase> <!-- Junc -->
  <testcase name="Junc" time="0.004" classname="Listeners.failedTestsRetry">
    <skipped/>
  </testcase> <!-- Junc -->
  <testcase name="Junc" time="0.001" classname="Listeners.failedTestsRetry">
    <skipped/>
  </testcase> <!-- Junc -->
  <testcase name="Junc" time="0.002" classname="Listeners.failedTestsRetry">
    <skipped/>
  </testcase> <!-- Junc -->
  <testcase name="Junc" time="0.002" classname="Listeners.failedTestsRetry">
    <skipped/>
  </testcase> <!-- Junc -->
  <testcase name="Junc" time="0.001" classname="Listeners.failedTestsRetry">
    <skipped/>
  </testcase> <!-- Junc -->
  <testcase name="Junc" time="0.001" classname="Listeners.failedTestsRetry">
    <skipped/>
  </testcase> <!-- Junc -->
  <testcase name="Junc" time="0.001" classname="Listeners.failedTestsRetry">
    <skipped/>
  </testcase> <!-- Junc -->
  <testcase name="Junc" time="0.002" classname="Listeners.failedTestsRetry">
    <skipped/>
  </testcase> <!-- Junc -->
  <testcase name="Junc" time="0.007" classname="Listeners.failedTestsRetry">
    <skipped/>
  </testcase> <!-- Junc -->
  <testcase name="Junc" time="0.003" classname="Listeners.failedTestsRetry">
    <skipped/>
  </testcase> <!-- Junc -->
  <testcase name="Junc" time="0.001" classname="Listeners.failedTestsRetry">
    <skipped/>
  </testcase> <!-- Junc -->
  <testcase name="Junc" time="0.003" classname="Listeners.failedTestsRetry">
    <skipped/>
  </testcase> <!-- Junc -->
  <testcase name="Junc" time="0.001" classname="Listeners.failedTestsRetry">
    <skipped/>
  </testcase> <!-- Junc -->
  <testcase name="Junc" time="0.003" classname="Listeners.failedTestsRetry">
    <skipped/>
  </testcase> <!-- Junc -->
  <testcase name="Junc" time="0.001" classname="Listeners.failedTestsRetry">
    <skipped/>
  </testcase> <!-- Junc -->
  <testcase name="Junc" time="0.004" classname="Listeners.failedTestsRetry">
    <skipped/>
  </testcase> <!-- Junc -->
  <testcase name="Junc" time="0.001" classname="Listeners.failedTestsRetry">
    <skipped/>
  </testcase> <!-- Junc -->
  <testcase name="Junc" time="0.005" classname="Listeners.failedTestsRetry">
    <skipped/>
  </testcase> <!-- Junc -->
  <testcase name="Junc" time="0.001" classname="Listeners.failedTestsRetry">
    <skipped/>
  </testcase> <!-- Junc -->
  <testcase name="Junc" time="0.000" classname="Listeners.failedTestsRetry">
    <skipped/>
  </testcase> <!-- Junc -->
  <testcase name="Junc" time="0.000" classname="Listeners.failedTestsRetry">
    <skipped/>
  </testcase> <!-- Junc -->
  <testcase name="Junc" time="0.002" classname="Listeners.failedTestsRetry">
    <skipped/>
  </testcase> <!-- Junc -->
  <testcase name="Junc" time="0.002" classname="Listeners.failedTestsRetry">
    <skipped/>
  </testcase> <!-- Junc -->
  <testcase name="Junc" time="0.007" classname="Listeners.failedTestsRetry">
    <skipped/>
  </testcase> <!-- Junc -->
  <testcase name="Junc" time="0.000" classname="Listeners.failedTestsRetry">
    <skipped/>
  </testcase> <!-- Junc -->
  <testcase name="Junc" time="0.011" classname="Listeners.failedTestsRetry">
    <skipped/>
  </testcase> <!-- Junc -->
  <testcase name="Junc" time="0.001" classname="Listeners.failedTestsRetry">
    <skipped/>
  </testcase> <!-- Junc -->
  <testcase name="Junc" time="0.003" classname="Listeners.failedTestsRetry">
    <skipped/>
  </testcase> <!-- Junc -->
  <testcase name="Junc" time="0.001" classname="Listeners.failedTestsRetry">
    <skipped/>
  </testcase> <!-- Junc -->
  <testcase name="Junc" time="0.002" classname="Listeners.failedTestsRetry">
    <skipped/>
  </testcase> <!-- Junc -->
  <testcase name="Junc" time="0.002" classname="Listeners.failedTestsRetry">
    <skipped/>
  </testcase> <!-- Junc -->
  <testcase name="Junc" time="0.001" classname="Listeners.failedTestsRetry">
    <skipped/>
  </testcase> <!-- Junc -->
  <testcase name="Junc" time="0.001" classname="Listeners.failedTestsRetry">
    <skipped/>
  </testcase> <!-- Junc -->
  <testcase name="Junc" time="0.002" classname="Listeners.failedTestsRetry">
    <skipped/>
  </testcase> <!-- Junc -->
  <testcase name="Junc" time="0.002" classname="Listeners.failedTestsRetry">
    <skipped/>
  </testcase> <!-- Junc -->
  <testcase name="Junc" time="0.001" classname="Listeners.failedTestsRetry">
    <skipped/>
  </testcase> <!-- Junc -->
  <testcase name="Junc" time="0.001" classname="Listeners.failedTestsRetry">
    <skipped/>
  </testcase> <!-- Junc -->
  <testcase name="Junc" time="0.002" classname="Listeners.failedTestsRetry">
    <skipped/>
  </testcase> <!-- Junc -->
  <testcase name="Junc" time="0.001" classname="Listeners.failedTestsRetry">
    <skipped/>
  </testcase> <!-- Junc -->
  <testcase name="Junc" time="0.001" classname="Listeners.failedTestsRetry">
    <skipped/>
  </testcase> <!-- Junc -->
  <testcase name="Junc" time="0.000" classname="Listeners.failedTestsRetry">
    <skipped/>
  </testcase> <!-- Junc -->
  <testcase name="Junc" time="0.016" classname="Listeners.failedTestsRetry">
    <skipped/>
  </testcase> <!-- Junc -->
  <testcase name="Junc" time="0.002" classname="Listeners.failedTestsRetry">
    <skipped/>
  </testcase> <!-- Junc -->
  <testcase name="Junc" time="0.005" classname="Listeners.failedTestsRetry">
    <skipped/>
  </testcase> <!-- Junc -->
  <testcase name="Junc" time="0.004" classname="Listeners.failedTestsRetry">
    <skipped/>
  </testcase> <!-- Junc -->
  <testcase name="Junc" time="0.001" classname="Listeners.failedTestsRetry">
    <skipped/>
  </testcase> <!-- Junc -->
  <testcase name="Junc" time="0.002" classname="Listeners.failedTestsRetry">
    <skipped/>
  </testcase> <!-- Junc -->
  <testcase name="Junc" time="0.001" classname="Listeners.failedTestsRetry">
    <skipped/>
  </testcase> <!-- Junc -->
  <testcase name="Junc" time="0.002" classname="Listeners.failedTestsRetry">
    <skipped/>
  </testcase> <!-- Junc -->
  <testcase name="Junc" time="0.003" classname="Listeners.failedTestsRetry">
    <skipped/>
  </testcase> <!-- Junc -->
  <testcase name="Junc" time="0.001" classname="Listeners.failedTestsRetry">
    <skipped/>
  </testcase> <!-- Junc -->
  <testcase name="Junc" time="0.005" classname="Listeners.failedTestsRetry">
    <skipped/>
  </testcase> <!-- Junc -->
  <testcase name="Junc" time="0.001" classname="Listeners.failedTestsRetry">
    <skipped/>
  </testcase> <!-- Junc -->
  <testcase name="Junc" time="0.004" classname="Listeners.failedTestsRetry">
    <skipped/>
  </testcase> <!-- Junc -->
  <testcase name="Junc" time="0.001" classname="Listeners.failedTestsRetry">
    <skipped/>
  </testcase> <!-- Junc -->
  <testcase name="Junc" time="0.002" classname="Listeners.failedTestsRetry">
    <skipped/>
  </testcase> <!-- Junc -->
  <testcase name="Junc" time="0.001" classname="Listeners.failedTestsRetry">
    <skipped/>
  </testcase> <!-- Junc -->
  <testcase name="Junc" time="0.001" classname="Listeners.failedTestsRetry">
    <skipped/>
  </testcase> <!-- Junc -->
  <testcase name="Junc" time="0.003" classname="Listeners.failedTestsRetry">
    <skipped/>
  </testcase> <!-- Junc -->
  <testcase name="Junc" time="0.005" classname="Listeners.failedTestsRetry">
    <skipped/>
  </testcase> <!-- Junc -->
  <testcase name="Junc" time="0.003" classname="Listeners.failedTestsRetry">
    <skipped/>
  </testcase> <!-- Junc -->
  <testcase name="Junc" time="0.001" classname="Listeners.failedTestsRetry">
    <skipped/>
  </testcase> <!-- Junc -->
  <testcase name="Junc" time="0.004" classname="Listeners.failedTestsRetry">
    <skipped/>
  </testcase> <!-- Junc -->
  <testcase name="Loops" time="0.002" classname="Listeners.failedTestsRetry"/>
  <testcase name="Junction" time="0.001" classname="Listeners.failedTestsRetry"/>
</testsuite> <!-- Listeners.failedTestsRetry -->
