<?xml version="1.0" encoding="UTF-8"?>
<!-- Generated by org.testng.reporters.JUnitReportReporter -->
<testsuite skipped="1" hostname="CGL073075" name="testWithTestNG" tests="1" failures="0" timestamp="12 Nov 2018 01:05:26 GMT" time="0.000" errors="0">
  <testcase name="DuringTest" time="0.000" classname="testWithTestNG">
    <skipped/>
  </testcase> <!-- DuringTest -->
</testsuite> <!-- testWithTestNG -->
