<?xml version="1.0" encoding="UTF-8"?>
<!-- Generated by org.testng.reporters.JUnitReportReporter -->
<testsuite skipped="0" hostname="CGL073075" name="extentReportsDemoWithTestNG" tests="2" failures="0" timestamp="02 Nov 2018 22:52:27 GMT" time="0.020" errors="0">
  <testcase name="TestRun" time="0.018" classname="extentReportsDemoWithTestNG"/>
  <testcase name="TestRun2" time="0.002" classname="extentReportsDemoWithTestNG"/>
</testsuite> <!-- extentReportsDemoWithTestNG -->
