<?xml version="1.0" encoding="UTF-8"?>
<!-- Generated by org.testng.reporters.JUnitReportReporter -->
<testsuite skipped="1" hostname="CGL073075" name="config.IgnoreNGTests" tests="4" failures="0" timestamp="12 Nov 2018 21:38:38 GMT" time="0.013" errors="0">
  <testcase name="make" time="0.002" classname="config.IgnoreNGTests"/>
  <testcase name="makefo" time="0.003" classname="config.IgnoreNGTests"/>
  <testcase name="makeIndia" time="0.008" classname="config.IgnoreNGTests"/>
  <testcase name="makeIn" classname="config.IgnoreNGTests">
    <skipped/>
  </testcase> <!-- makeIn -->
</testsuite> <!-- config.IgnoreNGTests -->
