<?xml version="1.0" encoding="UTF-8"?>
<!-- Generated by org.testng.reporters.JUnitReportReporter -->
<testsuite skipped="0" hostname="CGL073075" name="config2.ExecutionWithTestNG" tests="1" failures="0" timestamp="04 Nov 2018 05:47:30 GMT" time="33.770" errors="0">
  <testcase name="BeginTest" time="33.770" classname="config2.ExecutionWithTestNG"/>
</testsuite> <!-- config2.ExecutionWithTestNG -->
