<?xml version="1.0" encoding="UTF-8"?>
<!-- Generated by org.testng.reporters.JUnitReportReporter -->
<testsuite skipped="0" hostname="CGL073075" name="config2.parameterCheck" tests="1" failures="0" timestamp="25 Nov 2018 02:20:46 GMT" time="13.700" errors="0">
  <testcase name="onePlus" time="13.700" classname="config2.parameterCheck"/>
</testsuite> <!-- config2.parameterCheck -->
